Traceback (most recent call last):
  File "/Applications/Python 3.14/SoccerVisualizer/absencescraping.py", line 1, in <module>
    import requests
ModuleNotFoundError: No module named 'requests'
Traceback (most recent call last):
  File "/Applications/Python 3.14/SoccerVisualizer/recup_cote.py", line 2, in <module>
    import requests
ModuleNotFoundError: No module named 'requests'
Traceback (most recent call last):
  File "/Applications/Python 3.14/SoccerVisualizer/absencescraping.py", line 1, in <module>
    import requests
ModuleNotFoundError: No module named 'requests'
--- Récupération des cotes pour le 2026-05-15 ---
Pas de cotes disponibles aujourd'hui.
--- Fin du script ---
--- Scraping absents du 2026-05-15 ---
Chargement des équipes depuis Supabase...
1183 équipes chargées
Vidage de la table absent...

--- SCRAPING TRANSFERMARKT ---
Scraping championnat 39...
Scraping championnat 61...
Scraping championnat 140...
Scraping championnat 135...
Scraping championnat 78...

--- ENREGISTREMENT DANS SUPABASE ---
✅ Dan Ndoye (Nottingham Forest FC)
✅ Willy Boly (Nottingham Forest FC)
✅ Ola Aina (Nottingham Forest FC)
✅ John Victor (Nottingham Forest FC)
✅ Nicolò Savona (Nottingham Forest FC)
✅ Zach Abbott (Nottingham Forest FC)
✅ Murillo (Nottingham Forest FC)
✅ Callum Hudson-Odoi (Nottingham Forest FC)
✅ Amadou Onana (Aston Villa FC)
✅ Alysson (Aston Villa FC)
✅ Boubacar Kamara (Aston Villa FC)
✅ Sam Johnstone (Wolverhampton Wanderers FC)
✅ José Sá (Wolverhampton Wanderers FC)
✅ Robert Sánchez (Chelsea)
✅ Pedro Neto (Chelsea)
✅ Jamie Gittens (Chelsea)
✅ Caleb Wiley (Chelsea)
✅ Alejandro Garnacho (Chelsea)
✅ Estêvão (Chelsea)
✅ Matai Akinmboni (Bournemouth)
✅ Matthijs de Ligt (Manchester United)
✅ Alex Iwobi (Fulham FC)
✅ Raúl Jiménez (Fulham FC)
✅ Ryan Sessegnon (Fulham FC)
✅ Tino Livramento (Newcastle United FC)
✅ Lewis Miley (Newcastle United FC)
✅ Emil Krafth (Newcastle United FC)
✅ Evann Guessand (Crystal Palace)
✅ Caleb Kporha (Crystal Palace)
✅ Eddie Nketiah (Crystal Palace)
✅ Alisson (Liverpool FC)
✅ Mohamed Salah (Liverpool FC)
✅ Florian Wirtz (Liverpool FC)
✅ Giovanni Leoni (Liverpool FC)
✅ Wataru Endo (Liverpool FC)
✅ Conor Bradley (Liverpool FC)
✅ Hugo Ekitiké (Liverpool FC)
✅ Kaoru Mitoma (Brighton)
✅ Adam Webster (Brighton)
✅ Diego Gómez (Brighton)
✅ Stefanos Tzimas (Brighton)
✅ Ben Davies (Tottenham Hotspur FC)
✅ Dominic Solanke (Tottenham Hotspur FC)
✅ Guglielmo Vicario (Tottenham Hotspur FC)
✅ Mohammed Kudus (Tottenham Hotspur FC)
✅ Wilson Odobert (Tottenham Hotspur FC)
✅ Dejan Kulusevski (Tottenham Hotspur FC)
✅ Cristian Romero (Tottenham Hotspur FC)
✅ Xavi Simons (Tottenham Hotspur FC)
✅ Jordan Henderson (Brentford)
✅ Antoni Milambo (Brentford)
✅ Fábio Carvalho (Brentford)
✅ Jordan Beyer (Burnley FC)
✅ Josh Cullen (Burnley FC)
✅ Rúben Dias (Manchester City)
✅ Simon Moore (Sunderland AFC)
✅ Romaine Mundle (Sunderland AFC)
✅ Nilson Angulo (Sunderland AFC)
✅ Lukasz Fabianski (West Ham)
✅ Mikel Merino (Arsenal)
✅ Jarrad Branthwaite (Everton)
✅ Jack Grealish (Everton)
✅ Abdoulaye Touré (Le Havre)
✅ Noam Obougou (Le Havre)
✅ Stephan Zagadou (Le Havre)
✅ Régis Gurtner (Lens)
✅ Jonathan Gradit (Lens)
✅ Deiver Machado (Nantes)
✅ Kelvin Amian (Nantes)
✅ Fabien Centonze (Nantes)
✅ Tylel Tati (Nantes)
✅ Orel Mangala (Olympique Lyonnais)
✅ Tanner Tessmann (Olympique Lyonnais)
✅ Rémi Himbert (Olympique Lyonnais)
✅ Caio Henrique (Monaco)
✅ Mohammed Salisu (Monaco)
✅ Stanis Idumbo (Monaco)
✅ Paris Brunner (Monaco)
✅ Kassoum Ouattara (Monaco)
✅ Takumi Minamino (Monaco)
✅ Darlin Yongwa (FC Lorient)
✅ Théo Le Bris (FC Lorient)
✅ Yassin Belkhdim (Angers SCO)
✅ Marius Courcoul (Angers SCO)
✅ Harouna Djibirin (Angers SCO)
✅ Soumaïla Coulibaly (Stade Brestois 29)
✅ Bradley Locko (Stade Brestois 29)
✅ Julien Lopez (Paris FC)
✅ Pierre-Yves Hamel (Paris FC)
✅ Jean-Philippe Krasso (Paris FC)
✅ Tuomas Ollila (Paris FC)
✅ Boubacar Traoré (FC Metz)
✅ Joseph Mangondo (FC Metz)
✅ Geoffrey Kondogbia (Olympique de Marseille)
✅ Hamed Traoré (Olympique de Marseille)
✅ CJ Egan-Riley (Olympique de Marseille)
✅ Bilal Nadir (Olympique de Marseille)
✅ Lucas Chevalier (Olympique de Marseille)
✅ Nuno Mendes (Olympique de Marseille)
✅ Willian Pacho (Olympique de Marseille)
✅ Warren Zaïre-Emery (Olympique de Marseille)
✅ Quentin Ndjantou (Olympique de Marseille)
✅ Achraf Hakimi (Olympique de Marseille)
✅ Oussama El Azzouzi (AJ Auxerre)
✅ Fredrik Oppegård (AJ Auxerre)
✅ Bryan Okoh (AJ Auxerre)
✅ Rafik Messali (Toulouse)
✅ Youssouf Ndayishimiye (Nice)
✅ Moïse Bombito (Nice)
✅ Everton (Nice)
✅ Emmanuel Emegha (RC Strasbourg Alsace)
✅ Aarón Anselmino (RC Strasbourg Alsace)
✅ Joaquín Panichelli (RC Strasbourg Alsace)
✅ Johnny Cardoso (Club Atlético de Madrid)
✅ Nico González (Club Atlético de Madrid)
✅ Pablo Barrios (Club Atlético de Madrid)
✅ Juan Carlos (Girona)
✅ Marc-André ter Stegen (Girona)
✅ Portu (Girona)
✅ Vladyslav Vanat (Girona)
✅ Ángel Ortiz (Real Betis Balompié)
✅ Julen Agirrezabala (Valencia CF)
✅ Dimitri Foulquier (Valencia CF)
✅ Thierry Correia (Valencia CF)
✅ Mouctar Diakhaby (Valencia CF)
✅ José Copete (Valencia CF)
✅ Jan Salas (RCD Mallorca)
✅ Antonio Raíllo (RCD Mallorca)
✅ Mateo Joseph (RCD Mallorca)
✅ Matías Vecino (Celta Vigo)
✅ Miguel Román (Celta Vigo)
✅ Dean Huijsen (Real Madrid)
✅ Federico Valverde (Real Madrid)
✅ Éder Militão (Real Madrid)
✅ Rodrygo (Real Madrid)
✅ Ferland Mendy (Real Madrid)
✅ Beñat Prados (Athletic Club)
✅ Nico Williams (Athletic Club)
✅ Lamine Yamal (FC Barcelona)
✅ Juan Foyth (Villarreal CF)
✅ Javi Puado (RCD Espanyol de Barcelona)
✅ Álvaro Odriozola (Real Sociedad de Fútbol)
✅ Benjamin Siegrist (Genoa CFC)
✅ Sebastian Otoa (Genoa CFC)
✅ Maxwel Cornet (Genoa CFC)
✅ Junior Messias (Genoa CFC)
✅ Martín Payero (US Cremonese)
✅ Faris Moumbagna (US Cremonese)
✅ Romano Floriani Mussolini (US Cremonese)
✅ Federico Baschirotto (US Cremonese)
✅ Cheikh Niasse (Hellas Verona)
✅ Armel Bella-Kotchap (Hellas Verona)
✅ Daniel Oyegoke (Hellas Verona)
✅ Daniel Mosquera (Hellas Verona)
✅ Suat Serdar (Hellas Verona)
✅ Kevin De Bruyne (SSC Napoli)
✅ Romelu Lukaku (SSC Napoli)
✅ Gennaro Borrelli (Cagliari)
✅ Joseph Liteta (Cagliari)
✅ Mattia Felici (Cagliari)
✅ Leonardo Pavoletti (Cagliari)
✅ Riyad Idrissi (Cagliari)
✅ Martin Vitík (Bologna FC 1909)
✅ Nicolò Cambiaghi (Bologna FC 1909)
✅ Nicolò Casale (Bologna FC 1909)
✅ Gaetano Oristanio (Parma Calcio 1913)
✅ Adrián Bernabé (Parma Calcio 1913)
✅ Benja Cremaschi (Parma Calcio 1913)
✅ Matija Frigan (Parma Calcio 1913)
✅ Jacob Ondrejka (Parma Calcio 1913)
✅ Berat Djimsiti (Atalanta)
✅ Lorenzo Bernasconi (Atalanta)
✅ Bryan Zaragoza (AS Roma)
✅ Artem Dovbyk (AS Roma)
✅ Evan Ferguson (AS Roma)
✅ Jay Idzes (Sassuolo)
✅ Daniel Boloca (Sassuolo)
✅ Edoardo Pieragnolo (Sassuolo)
✅ Fali Candé (Sassuolo)
✅ Riccardo Sottil (US Lecce)
✅ Sadik Fofana (US Lecce)
✅ Medon Berisha (US Lecce)
✅ Christian Pulisic (AC Milan)
✅ Luka Modrić (AC Milan)
✅ Hakan Çalhanoğlu (FC Internazionale Milano)
✅ Tino Anjorin (Torino)
✅ Ardian Ismajli (Torino)
✅ Zakaria Aboukhlal (Torino)
✅ Juan Cabal (Juventus FC)
✅ Arkadiusz Milik (Juventus FC)
✅ Jurgen Ekkelenkamp (Udinese Calcio)
✅ Alessandro Zanoli (Udinese Calcio)
✅ Jayden Addai (Como)
✅ Ivan Provedel (SS Lazio)
✅ Keke Topp (SV Werder Bremen)
✅ Mitchell Weiser (SV Werder Bremen)
✅ Karl Hein (SV Werder Bremen)
✅ Julián Malatini (SV Werder Bremen)
✅ Maximilian Wöber (SV Werder Bremen)
✅ Fernando Dickes (Hamburger SV)
✅ Alexander Røssing-Lelesiit (Hamburger SV)
✅ Robert Glatzel (Hamburger SV)
✅ Patrick Osterhage (SC Freiburg)
✅ Yuito Suzuki (SC Freiburg)
✅ Timo Hübers (1. FC Köln)
✅ Luca Kilian (1. FC Köln)
✅ Tom Krauß (1. FC Köln)
✅ Ragnar Ache (1. FC Köln)
✅ Rogério (VfL Wolfsburg)
✅ Patrick Wimmer (VfL Wolfsburg)
✅ Jenson Seelt (VfL Wolfsburg)
✅ Bence Dárdai (VfL Wolfsburg)
✅ Cleiton (VfL Wolfsburg)
✅ Jonas Wind (VfL Wolfsburg)
✅ Kilian Fischer (VfL Wolfsburg)
✅ Maximilian Arnold (VfL Wolfsburg)
✅ Ameen Al-Dakhil (VfB Stuttgart)
✅ Janik Haberer (1. FC Union Berlin)
✅ Robert Skov (1. FC Union Berlin)
✅ Matheo Raab (1. FC Union Berlin)
✅ Frederik Rönnow (1. FC Union Berlin)
✅ Mads Pedersen (FC Augsburg)
✅ Arthur Chaves (FC Augsburg)
✅ Dimitrios Giannoulis (FC Augsburg)
✅ Koki Machida (TSG 1899 Hoffenheim)
✅ Valentin Gendrey (TSG 1899 Hoffenheim)
✅ Leart Paçarada (1. FC Heidenheim 1846)
✅ Sirlord Conteh (1. FC Heidenheim 1846)
✅ Leopold Zingerle (RB Leipzig)
✅ Ezechiel Banzuzi (RB Leipzig)
✅ Viggo Gebel (RB Leipzig)
✅ Ayodele Thomas (RB Leipzig)
✅ Nathan Tella (Bayer 04 Leverkusen)
✅ Martin Terrier (Bayer 04 Leverkusen)
✅ Emre Can (Borussia Dortmund)
✅ Ramy Bensebaini (Borussia Dortmund)
✅ Nathan Ngoumou (Borussia Mönchengladbach)
✅ Rocco Reitz (Borussia Mönchengladbach)
✅ Nnamdi Collins (Eintracht Frankfurt)
✅ Oscar Højlund (Eintracht Frankfurt)
✅ Alphonso Davies (FC Bayern München)
✅ Serge Gnabry (FC Bayern München)
✅ David Santos Daiber (FC Bayern München)
✅ Manolis Saliakas (FC St. Pauli 1910)
✅ James Sands (FC St. Pauli 1910)
✅ David Nemeth (FC St. Pauli 1910)
✅ Jannik Robatsch (FC St. Pauli 1910)
✅ Mathias Pereira Lage (FC St. Pauli 1910)
✅ Silas (1. FSV Mainz 05)
✅ Benedict Hollerbach (1. FSV Mainz 05)
✅ Maxim Leitsch (1. FSV Mainz 05)
✅ Kasey Bos (1. FSV Mainz 05)

✅ 252 absents (avec photos) enregistrés au total

⚠️  Clubs TM non trouvés dans la BDD :
   - 'LOSC Lille'
   - 'Leeds United'
   - 'Pisa Sporting Club'
   - 'Stade Rennais FC'
   - 'Séville FC'
